<?xml version="1.0" encoding="UTF-8"?>
<!-- Generated by org.testng.reporters.JUnitReportReporter -->
<testsuite hostname="Aparna" failures="0" tests="1" name="cars.ferrari" time="32.178" errors="0" timestamp="2024-10-18T14:01:30 IST" skipped="0">
  <testcase classname="cars.ferrari" name="launch" time="32.178"/>
  <system-out>
    <![CDATA[Ferrari launced successfully]]>
  </system-out>
</testsuite> <!-- cars.ferrari -->
