<?xml version="1.0" encoding="UTF-8"?>
<!-- Generated by org.testng.reporters.JUnitReportReporter -->
<testsuite hostname="Aparna" failures="0" tests="1" name="bikes.Yamaha" time="7.548" errors="0" timestamp="2024-10-21T13:22:47 IST" skipped="0">
  <testcase classname="bikes.Yamaha" name="launch" time="7.548"/>
  <system-out>
    <![CDATA[Yamaha launched successfully]]>
  </system-out>
</testsuite> <!-- bikes.Yamaha -->
