<?xml version="1.0" encoding="UTF-8"?>
<!-- Generated by org.testng.reporters.JUnitReportReporter -->
<testsuite hostname="Aparna" failures="0" tests="1" name="assertion.Assignment" time="11.112" errors="0" timestamp="2024-10-23T22:32:53 IST" skipped="0">
  <testcase classname="assertion.Assignment" name="login" time="11.112"/>
  <system-out>
    <![CDATA[Home page is visible successfully
Login to account is visible
Logged in as username' is visible
ACCOUNT DELETED!' is visible]]>
  </system-out>
</testsuite> <!-- assertion.Assignment -->
