<?xml version="1.0" encoding="UTF-8"?>
<!-- Generated by org.testng.reporters.JUnitReportReporter -->
<testsuite hostname="Aparna" failures="0" tests="3" name="testng.TestScript" time="13.536" errors="0" timestamp="2024-10-25T17:16:01 IST" skipped="0">
  <testcase classname="testng.TestScript" name="clickOnBooks" time="4.593"/>
  <system-out>
    <![CDATA[Books page is displayed]]>
  </system-out>
  <testcase classname="testng.TestScript" name="clickOnBooks" time="4.611"/>
  <system-out>
    <![CDATA[Books page is displayed]]>
  </system-out>
  <testcase classname="testng.TestScript" name="clickOnBooks" time="4.332"/>
  <system-out>
    <![CDATA[Books page is displayed]]>
  </system-out>
</testsuite> <!-- testng.TestScript -->
