<?xml version="1.0" encoding="UTF-8"?>
<!-- Generated by org.testng.reporters.JUnitReportReporter -->
<testsuite hostname="Aparna" failures="0" tests="1" name="testng.ToLearnTestNg" time="0.016" errors="0" timestamp="2024-10-17T12:21:04 IST" skipped="0">
  <testcase classname="testng.ToLearnTestNg" name="demo" time="0.016"/>
  <system-out>
    <![CDATA[Welcome to advance selenium]]>
  </system-out>
</testsuite> <!-- testng.ToLearnTestNg -->
