<?xml version="1.0" encoding="UTF-8"?>
<!-- Generated by org.testng.reporters.JUnitReportReporter -->
<testsuite hostname="Aparna" failures="0" tests="6" name="testng.Assignment1" time="10.245" errors="0" timestamp="2024-10-17T22:36:29 IST" skipped="0">
  <testcase classname="testng.Assignment1" name="createAccount" time="1.579"/>
  <system-out>
    <![CDATA[Account created sucessful]]>
  </system-out>
  <testcase classname="testng.Assignment1" name="createAccount" time="2.239"/>
  <system-out>
    <![CDATA[Account created sucessful]]>
  </system-out>
  <testcase classname="testng.Assignment1" name="editAccount" time="1.626"/>
  <system-out>
    <![CDATA[Edited account succesfully]]>
  </system-out>
  <testcase classname="testng.Assignment1" name="editAccount" time="1.761"/>
  <system-out>
    <![CDATA[Edited account succesfully]]>
  </system-out>
  <testcase classname="testng.Assignment1" name="editAccount" time="1.558"/>
  <system-out>
    <![CDATA[Edited account succesfully]]>
  </system-out>
  <testcase classname="testng.Assignment1" name="deleteAccount" time="1.482"/>
  <system-out>
    <![CDATA[Deleted Account successfully]]>
  </system-out>
</testsuite> <!-- testng.Assignment1 -->
