<?xml version="1.0" encoding="UTF-8"?>
<!-- Generated by org.testng.reporters.JUnitReportReporter -->
<testsuite hostname="Aparna" failures="0" tests="1" name="bikes.Honda" time="4.068" errors="0" timestamp="2024-10-21T13:22:47 IST" skipped="0">
  <testcase classname="bikes.Honda" name="launch" time="4.068"/>
  <system-out>
    <![CDATA[Honda launched successfully]]>
  </system-out>
</testsuite> <!-- bikes.Honda -->
