<?xml version="1.0" encoding="UTF-8"?>
<!-- Generated by org.testng.reporters.JUnitReportReporter -->
<testsuite hostname="Aparna" failures="0" tests="4" name="dataprovider.LearnDataProvider" time="31.905" errors="0" timestamp="2024-10-24T13:37:38 IST" skipped="0">
  <testcase classname="dataprovider.LearnDataProvider" name="login" time="7.698"/>
  <system-out/>
  <testcase classname="dataprovider.LearnDataProvider" name="login" time="10.026"/>
  <system-out/>
  <testcase classname="dataprovider.LearnDataProvider" name="login" time="6.954"/>
  <system-out/>
  <testcase classname="dataprovider.LearnDataProvider" name="login" time="7.227"/>
  <system-out/>
</testsuite> <!-- dataprovider.LearnDataProvider -->
