<?xml version="1.0" encoding="UTF-8"?>
<!-- Generated by org.testng.reporters.JUnitReportReporter -->
<testsuite hostname="Aparna" failures="0" tests="1" name="cars.RollsRoyce" time="9.104" errors="0" timestamp="2024-10-18T13:36:49 IST" skipped="0">
  <testcase classname="cars.RollsRoyce" name="launch" time="9.104"/>
  <system-out>
    <![CDATA[RollsRoyce launced successfully]]>
  </system-out>
</testsuite> <!-- cars.RollsRoyce -->
