<?xml version="1.0" encoding="UTF-8"?>
<!-- Generated by org.testng.reporters.JUnitReportReporter -->
<testsuite hostname="Aparna" failures="0" tests="3" name="testng.Sample" time="0.017" errors="0" timestamp="2024-10-17T13:01:10 IST" skipped="0">
  <testcase classname="testng.Sample" name="demo" time="0.001"/>
  <system-out>
    <![CDATA[demo testcase executed]]>
  </system-out>
  <testcase classname="testng.Sample" name="sample" time="0.002"/>
  <system-out>
    <![CDATA[sample testcase executed]]>
  </system-out>
  <testcase classname="testng.Sample" name="add" time="0.014"/>
  <system-out>
    <![CDATA[add testcase executed]]>
  </system-out>
</testsuite> <!-- testng.Sample -->
