<?xml version="1.0" encoding="UTF-8"?>
<!-- Generated by org.testng.reporters.JUnitReportReporter -->
<testsuite hostname="Aparna" failures="0" tests="1" name="listeners.TestScript" time="0.020" errors="0" timestamp="2024-10-29T22:26:51 IST" skipped="0">
  <testcase classname="listeners.TestScript" name="login" time="0.020"/>
  <system-out>
    <![CDATA[Launch the Browser
Navigate to url
click on login link
enter valid credentials
click on login button
Testscript is passed]]>
  </system-out>
</testsuite> <!-- listeners.TestScript -->
