<?xml version="1.0" encoding="UTF-8"?>
<!-- Generated by org.testng.reporters.JUnitReportReporter -->
<testsuite hostname="Aparna" failures="0" tests="1" name="assertion.JavaConditions" time="9.410" errors="0" timestamp="2024-10-23T13:19:12 IST" skipped="0">
  <testcase classname="assertion.JavaConditions" name="login" time="9.410"/>
  <system-out>
    <![CDATA[Welcome page is displayed
Login page is displayed
Home page is displayed]]>
  </system-out>
</testsuite> <!-- assertion.JavaConditions -->
