<?xml version="1.0" encoding="UTF-8"?>
<!-- Generated by org.testng.reporters.JUnitReportReporter -->
<testsuite hostname="Aparna" failures="0" tests="1" name="cars.TataMotors" time="8.288" errors="0" timestamp="2024-10-18T13:36:49 IST" skipped="0">
  <testcase classname="cars.TataMotors" name="launch" time="8.288"/>
  <system-out>
    <![CDATA[TataMotors launced successfully]]>
  </system-out>
</testsuite> <!-- cars.TataMotors -->
