<?xml version="1.0" encoding="UTF-8"?>
<!-- Generated by org.testng.reporters.JUnitReportReporter -->
<testsuite hostname="Aparna" failures="0" tests="4" name="dataprovider.ToLearnDataProvider" time="60.462" errors="0" timestamp="2024-10-24T13:08:56 IST" skipped="0">
  <testcase classname="dataprovider.ToLearnDataProvider" name="login" time="13.317"/>
  <system-out/>
  <testcase classname="dataprovider.ToLearnDataProvider" name="login" time="9.040"/>
  <system-out/>
  <testcase classname="dataprovider.ToLearnDataProvider" name="login" time="17.227"/>
  <system-out/>
  <testcase classname="dataprovider.ToLearnDataProvider" name="login" time="20.878"/>
  <system-out/>
</testsuite> <!-- dataprovider.ToLearnDataProvider -->
