<?xml version="1.0" encoding="UTF-8"?>
<!-- Generated by org.testng.reporters.JUnitReportReporter -->
<testsuite hostname="Aparna" failures="0" tests="3" name="crossbrowsertesting.ToLearnCrossBrowserTesting" time="20.701" errors="0" timestamp="2024-10-26T13:11:42 IST" skipped="0">
  <testcase classname="crossbrowsertesting.ToLearnCrossBrowserTesting" name="launch" time="9.034"/>
  <system-out/>
  <testcase classname="crossbrowsertesting.ToLearnCrossBrowserTesting" name="launch" time="5.016"/>
  <system-out/>
  <testcase classname="crossbrowsertesting.ToLearnCrossBrowserTesting" name="launch" time="6.651"/>
  <system-out/>
</testsuite> <!-- crossbrowsertesting.ToLearnCrossBrowserTesting -->
