<?xml version="1.0" encoding="UTF-8"?>
<!-- Generated by org.testng.reporters.JUnitReportReporter -->
<testsuite hostname="Aparna" failures="0" tests="1" name="bikes.Ducati" time="8.685" errors="0" timestamp="2024-10-21T13:22:47 IST" skipped="0">
  <testcase classname="bikes.Ducati" name="launch" time="8.685"/>
  <system-out>
    <![CDATA[Ducati launched successfully]]>
  </system-out>
</testsuite> <!-- bikes.Ducati -->
