<?xml version="1.0" encoding="UTF-8"?>
<!-- Generated by org.testng.reporters.JUnitReportReporter -->
<testsuite hostname="Aparna" failures="0" tests="1" name="cars.Audi" time="13.738" errors="0" timestamp="2024-10-18T14:01:30 IST" skipped="0">
  <testcase classname="cars.Audi" name="launch" time="13.738"/>
  <system-out>
    <![CDATA[Audi launced successfully]]>
  </system-out>
</testsuite> <!-- cars.Audi -->
