<?xml version="1.0" encoding="UTF-8"?>
<!-- Generated by org.testng.reporters.JUnitReportReporter -->
<testsuite hostname="Aparna" failures="0" tests="1" name="bikes.Jawa" time="15.325" errors="0" timestamp="2024-10-21T13:22:47 IST" skipped="0">
  <testcase classname="bikes.Jawa" name="launch" time="15.325"/>
  <system-out>
    <![CDATA[jawa launched successfully]]>
  </system-out>
</testsuite> <!-- bikes.Jawa -->
